# JRE version: OpenJDK Runtime Environment (11.0.10) (build 11.0.10+0-b96-7249189)
# Java VM: OpenJDK 64-Bit Server VM (11.0.10+0-b96-7249189, mixed mode, tiered, compressed oops, g1 gc, windows-amd64)
Heap:
 garbage-first heap   total 515072K, used 195861K [0x0000000080000000, 0x0000000100000000)
  region size 1024K, 38 young (38912K), 2 survivors (2048K)
 Metaspace       used 136447K, capacity 140503K, committed 140672K, reserved 1171456K
  class space    used 16986K, capacity 18465K, committed 18560K, reserved 1048576K
GC Heap History (20 events):
Event: 6203.673 GC heap before
{Heap before GC invocations=152 (full 0):
 garbage-first heap   total 515072K, used 164555K [0x0000000080000000, 0x0000000100000000)
  region size 1024K, 25 young (25600K), 3 survivors (3072K)
 Metaspace       used 136351K, capacity 140357K, committed 140672K, reserved 1171456K
  class space    used 16984K, capacity 18464K, committed 18560K, reserved 1048576K
}
Event: 6203.698 GC heap after
{Heap after GC invocations=153 (full 0):
 garbage-first heap   total 515072K, used 139519K [0x0000000080000000, 0x0000000100000000)
  region size 1024K, 2 young (2048K), 2 survivors (2048K)
 Metaspace       used 136351K, capacity 140357K, committed 140672K, reserved 1171456K
  class space    used 16984K, capacity 18464K, committed 18560K, reserved 1048576K
}
Event: 6205.376 GC heap before
{Heap before GC invocations=153 (full 0):
 garbage-first heap   total 515072K, used 382207K [0x0000000080000000, 0x0000000100000000)
  region size 1024K, 239 young (244736K), 2 survivors (2048K)
 Metaspace       used 136371K, capacity 140357K, committed 140672K, reserved 1171456K
  class space    used 16984K, capacity 18464K, committed 18560K, reserved 1048576K
}
Event: 6205.403 GC heap after
{Heap after GC invocations=154 (full 0):
 garbage-first heap   total 515072K, used 140408K [0x0000000080000000, 0x0000000100000000)
  region size 1024K, 3 young (3072K), 3 survivors (3072K)
 Metaspace       used 136371K, capacity 140357K, committed 140672K, reserved 1171456K
  class space    used 16984K, capacity 18464K, committed 18560K, reserved 1048576K
}
Event: 6212.819 GC heap before
{Heap before GC invocations=154 (full 0):
 garbage-first heap   total 515072K, used 382072K [0x0000000080000000, 0x0000000100000000)
  region size 1024K, 239 young (244736K), 3 survivors (3072K)
 Metaspace       used 136377K, capacity 140357K, committed 140672K, reserved 1171456K
  class space    used 16984K, capacity 18464K, committed 18560K, reserved 1048576K
}
Event: 6212.868 GC heap after
{Heap after GC invocations=155 (full 0):
 garbage-first heap   total 515072K, used 141528K [0x0000000080000000, 0x0000000100000000)
  region size 1024K, 4 young (4096K), 4 survivors (4096K)
 Metaspace       used 136377K, capacity 140357K, committed 140672K, reserved 1171456K
  class space    used 16984K, capacity 18464K, committed 18560K, reserved 1048576K
}
Event: 6213.395 GC heap before
{Heap before GC invocations=155 (full 0):
 garbage-first heap   total 515072K, used 215256K [0x0000000080000000, 0x0000000100000000)
  region size 1024K, 77 young (78848K), 4 survivors (4096K)
 Metaspace       used 136389K, capacity 140358K, committed 140672K, reserved 1171456K
  class space    used 16984K, capacity 18464K, committed 18560K, reserved 1048576K
}
Event: 6213.437 GC heap after
{Heap after GC invocations=156 (full 0):
 garbage-first heap   total 515072K, used 145471K [0x0000000080000000, 0x0000000100000000)
  region size 1024K, 8 young (8192K), 8 survivors (8192K)
 Metaspace       used 136389K, capacity 140358K, committed 140672K, reserved 1171456K
  class space    used 16984K, capacity 18464K, committed 18560K, reserved 1048576K
}
Event: 6216.054 GC heap before
{Heap before GC invocations=157 (full 0):
 garbage-first heap   total 515072K, used 300095K [0x0000000080000000, 0x0000000100000000)
  region size 1024K, 158 young (161792K), 8 survivors (8192K)
 Metaspace       used 136404K, capacity 140366K, committed 140672K, reserved 1171456K
  class space    used 16984K, capacity 18464K, committed 18560K, reserved 1048576K
}
Event: 6216.072 GC heap after
{Heap after GC invocations=158 (full 0):
 garbage-first heap   total 515072K, used 141713K [0x0000000080000000, 0x0000000100000000)
  region size 1024K, 4 young (4096K), 4 survivors (4096K)
 Metaspace       used 136404K, capacity 140366K, committed 140672K, reserved 1171456K
  class space    used 16984K, capacity 18464K, committed 18560K, reserved 1048576K
}
Event: 6216.120 GC heap before
{Heap before GC invocations=158 (full 0):
 garbage-first heap   total 515072K, used 163217K [0x0000000080000000, 0x0000000100000000)
  region size 1024K, 25 young (25600K), 4 survivors (4096K)
 Metaspace       used 136404K, capacity 140366K, committed 140672K, reserved 1171456K
  class space    used 16984K, capacity 18464K, committed 18560K, reserved 1048576K
}
Event: 6216.146 GC heap after
{Heap after GC invocations=159 (full 0):
 garbage-first heap   total 515072K, used 133598K [0x0000000080000000, 0x0000000100000000)
  region size 1024K, 2 young (2048K), 2 survivors (2048K)
 Metaspace       used 136404K, capacity 140366K, committed 140672K, reserved 1171456K
  class space    used 16984K, capacity 18464K, committed 18560K, reserved 1048576K
}
Event: 6219.998 GC heap before
{Heap before GC invocations=159 (full 0):
 garbage-first heap   total 515072K, used 368094K [0x0000000080000000, 0x0000000100000000)
  region size 1024K, 231 young (236544K), 2 survivors (2048K)
 Metaspace       used 136438K, capacity 140502K, committed 140672K, reserved 1171456K
  class space    used 16985K, capacity 18465K, committed 18560K, reserved 1048576K
}
Event: 6220.038 GC heap after
{Heap after GC invocations=160 (full 0):
 garbage-first heap   total 515072K, used 151162K [0x0000000080000000, 0x0000000100000000)
  region size 1024K, 19 young (19456K), 19 survivors (19456K)
 Metaspace       used 136438K, capacity 140502K, committed 140672K, reserved 1171456K
  class space    used 16985K, capacity 18465K, committed 18560K, reserved 1048576K
}
Event: 6220.476 GC heap before
{Heap before GC invocations=160 (full 0):
 garbage-first heap   total 515072K, used 216698K [0x0000000080000000, 0x0000000100000000)
  region size 1024K, 84 young (86016K), 19 survivors (19456K)
 Metaspace       used 136443K, capacity 140502K, committed 140672K, reserved 1171456K
  class space    used 16986K, capacity 18465K, committed 18560K, reserved 1048576K
}
Event: 6220.571 GC heap after
{Heap after GC invocations=161 (full 0):
 garbage-first heap   total 515072K, used 154252K [0x0000000080000000, 0x0000000100000000)
  region size 1024K, 8 young (8192K), 8 survivors (8192K)
 Metaspace       used 136443K, capacity 140502K, committed 140672K, reserved 1171456K
  class space    used 16986K, capacity 18465K, committed 18560K, reserved 1048576K
}
Event: 6221.813 GC heap before
{Heap before GC invocations=162 (full 0):
 garbage-first heap   total 515072K, used 320140K [0x0000000080000000, 0x0000000100000000)
  region size 1024K, 178 young (182272K), 8 survivors (8192K)
 Metaspace       used 136447K, capacity 140503K, committed 140672K, reserved 1171456K
  class space    used 16986K, capacity 18465K, committed 18560K, reserved 1048576K
}
Event: 6221.846 GC heap after
{Heap after GC invocations=163 (full 0):
 garbage-first heap   total 515072K, used 163773K [0x0000000080000000, 0x0000000100000000)
  region size 1024K, 23 young (23552K), 23 survivors (23552K)
 Metaspace       used 136447K, capacity 140503K, committed 140672K, reserved 1171456K
  class space    used 16986K, capacity 18465K, committed 18560K, reserved 1048576K
}
Event: 6221.851 GC heap before
{Heap before GC invocations=163 (full 0):
 garbage-first heap   total 515072K, used 165821K [0x0000000080000000, 0x0000000100000000)
  region size 1024K, 25 young (25600K), 23 survivors (23552K)
 Metaspace       used 136447K, capacity 140503K, committed 140672K, reserved 1171456K
  class space    used 16986K, capacity 18465K, committed 18560K, reserved 1048576K
}
Event: 6222.033 GC heap after
{Heap after GC invocations=164 (full 0):
 garbage-first heap   total 515072K, used 160021K [0x0000000080000000, 0x0000000100000000)
  region size 1024K, 2 young (2048K), 2 survivors (2048K)
 Metaspace       used 136447K, capacity 140503K, committed 140672K, reserved 1171456K
  class space    used 16986K, capacity 18465K, committed 18560K, reserved 1048576K
}

